Arguments: 
  /usr/local/bin/node /opt/yarn-v1.15.2/bin/yarn.js install

PATH: 
  /usr/local/sbin:/usr/local/bin:/usr/sbin:/usr/bin:/sbin:/bin

Yarn version: 
  1.15.2

Node version: 
  8.16.0

Platform: 
  linux x64

Trace: 
  SyntaxError: /app/react/package.json: Unexpected end of JSON input
      at JSON.parse (<anonymous>)
      at /opt/yarn-v1.15.2/lib/cli.js:1625:59
      at Generator.next (<anonymous>)
      at step (/opt/yarn-v1.15.2/lib/cli.js:304:30)
      at /opt/yarn-v1.15.2/lib/cli.js:315:13
      at <anonymous>

npm manifest: 
  

yarn manifest: 
  No manifest

Lockfile: 
  # THIS IS AN AUTOGENERATED FILE. DO NOT EDIT THIS FILE DIRECTLY.
  # yarn lockfile v1
